빌드 시작: 2015-11-01 오후 9:16:08
     1>2 노드의 "C:\Users\영제\Desktop\스터디\c++ 프로젝트\Prj03_2013104117_조영제\자료구조_Project01\자료구조_Project01.vcxproj" 프로젝트(Build 대상)입니다.
     1>ClCompile:
         c:\Program Files (x86)\Microsoft Visual Studio 10.0\VC\bin\CL.exe /c /ZI /nologo /W3 /WX- /Od /Oy- /D WIN32 /D _DEBUG /D _CONSOLE /D _UNICODE /D UNICODE /Gm /EHsc /RTC1 /MDd /GS /fp:precise /Zc:wchar_t /Zc:forScope /Fo"Debug\\" /Fd"Debug\vc100.pdb" /Gd /TP /analyze- /errorReport:prompt Application.cpp Bgm.cpp main.cpp ManageProduct.cpp Market.cpp Media.cpp Product.cpp
         Product.cpp
         Media.cpp
     1>c:\users\영제\desktop\스터디\c++ 프로젝트\prj03_2013104117_조영제\자료구조_project01\media.cpp(69): warning C4996: 'itoa': The POSIX name for this item is deprecated. Instead, use the ISO C++ conformant name: _itoa. See online help for details.
                 c:\program files (x86)\microsoft visual studio 10.0\vc\include\stdlib.h(867) : 'itoa' 선언을 참조하십시오.
     1>c:\users\영제\desktop\스터디\c++ 프로젝트\prj03_2013104117_조영제\자료구조_project01\media.cpp(75): warning C4996: 'itoa': The POSIX name for this item is deprecated. Instead, use the ISO C++ conformant name: _itoa. See online help for details.
                 c:\program files (x86)\microsoft visual studio 10.0\vc\include\stdlib.h(867) : 'itoa' 선언을 참조하십시오.
     1>c:\users\영제\desktop\스터디\c++ 프로젝트\prj03_2013104117_조영제\자료구조_project01\media.cpp(82): warning C4996: 'itoa': The POSIX name for this item is deprecated. Instead, use the ISO C++ conformant name: _itoa. See online help for details.
                 c:\program files (x86)\microsoft visual studio 10.0\vc\include\stdlib.h(867) : 'itoa' 선언을 참조하십시오.
         Market.cpp
     1>c:\users\영제\desktop\스터디\c++ 프로젝트\prj03_2013104117_조영제\자료구조_project01\market.cpp(626): warning C4996: 'localtime': This function or variable may be unsafe. Consider using localtime_s instead. To disable deprecation, use _CRT_SECURE_NO_WARNINGS. See online help for details.
                 c:\program files (x86)\microsoft visual studio 10.0\vc\include\time.inl(112) : 'localtime' 선언을 참조하십시오.
     1>c:\users\영제\desktop\스터디\c++ 프로젝트\prj03_2013104117_조영제\자료구조_project01\market.cpp(642): warning C4996: 'itoa': The POSIX name for this item is deprecated. Instead, use the ISO C++ conformant name: _itoa. See online help for details.
                 c:\program files (x86)\microsoft visual studio 10.0\vc\include\stdlib.h(867) : 'itoa' 선언을 참조하십시오.
     1>c:\users\영제\desktop\스터디\c++ 프로젝트\prj03_2013104117_조영제\자료구조_project01\market.cpp(648): warning C4996: 'itoa': The POSIX name for this item is deprecated. Instead, use the ISO C++ conformant name: _itoa. See online help for details.
                 c:\program files (x86)\microsoft visual studio 10.0\vc\include\stdlib.h(867) : 'itoa' 선언을 참조하십시오.
     1>c:\users\영제\desktop\스터디\c++ 프로젝트\prj03_2013104117_조영제\자료구조_project01\market.cpp(655): warning C4996: 'itoa': The POSIX name for this item is deprecated. Instead, use the ISO C++ conformant name: _itoa. See online help for details.
                 c:\program files (x86)\microsoft visual studio 10.0\vc\include\stdlib.h(867) : 'itoa' 선언을 참조하십시오.
         ManageProduct.cpp
     1>c:\users\영제\desktop\스터디\c++ 프로젝트\prj03_2013104117_조영제\자료구조_project01\manageproduct.cpp(139): warning C4996: 'localtime': This function or variable may be unsafe. Consider using localtime_s instead. To disable deprecation, use _CRT_SECURE_NO_WARNINGS. See online help for details.
                 c:\program files (x86)\microsoft visual studio 10.0\vc\include\time.inl(112) : 'localtime' 선언을 참조하십시오.
     1>c:\users\영제\desktop\스터디\c++ 프로젝트\prj03_2013104117_조영제\자료구조_project01\manageproduct.cpp(155): warning C4996: 'itoa': The POSIX name for this item is deprecated. Instead, use the ISO C++ conformant name: _itoa. See online help for details.
                 c:\program files (x86)\microsoft visual studio 10.0\vc\include\stdlib.h(867) : 'itoa' 선언을 참조하십시오.
     1>c:\users\영제\desktop\스터디\c++ 프로젝트\prj03_2013104117_조영제\자료구조_project01\manageproduct.cpp(161): warning C4996: 'itoa': The POSIX name for this item is deprecated. Instead, use the ISO C++ conformant name: _itoa. See online help for details.
                 c:\program files (x86)\microsoft visual studio 10.0\vc\include\stdlib.h(867) : 'itoa' 선언을 참조하십시오.
     1>c:\users\영제\desktop\스터디\c++ 프로젝트\prj03_2013104117_조영제\자료구조_project01\manageproduct.cpp(168): warning C4996: 'itoa': The POSIX name for this item is deprecated. Instead, use the ISO C++ conformant name: _itoa. See online help for details.
                 c:\program files (x86)\microsoft visual studio 10.0\vc\include\stdlib.h(867) : 'itoa' 선언을 참조하십시오.
     1>c:\users\영제\desktop\스터디\c++ 프로젝트\prj03_2013104117_조영제\자료구조_project01\manageproduct.cpp(175): warning C4996: 'itoa': The POSIX name for this item is deprecated. Instead, use the ISO C++ conformant name: _itoa. See online help for details.
                 c:\program files (x86)\microsoft visual studio 10.0\vc\include\stdlib.h(867) : 'itoa' 선언을 참조하십시오.
     1>c:\users\영제\desktop\스터디\c++ 프로젝트\prj03_2013104117_조영제\자료구조_project01\manageproduct.cpp(182): warning C4996: 'itoa': The POSIX name for this item is deprecated. Instead, use the ISO C++ conformant name: _itoa. See online help for details.
                 c:\program files (x86)\microsoft visual studio 10.0\vc\include\stdlib.h(867) : 'itoa' 선언을 참조하십시오.
         main.cpp
         Bgm.cpp
     1>c:\users\영제\desktop\스터디\c++ 프로젝트\prj03_2013104117_조영제\자료구조_project01\bgm.cpp(14): warning C4244: '인수' : 'time_t'에서 'unsigned int'(으)로 변환하면서 데이터가 손실될 수 있습니다.
     1>c:\users\영제\desktop\스터디\c++ 프로젝트\prj03_2013104117_조영제\자료구조_project01\bgm.cpp(79): warning C4018: '<' : signed 또는 unsigned가 일치하지 않습니다.
         Application.cpp
         코드를 생성하고 있습니다...
       ManifestResourceCompile:
         c:\Program Files (x86)\Microsoft SDKs\Windows\v7.0A\bin\rc.exe /nologo /fo"Debug\자료구조_Project01.exe.embed.manifest.res" "Debug\자료구조_Project01_manifest.rc" 
       Link:
         c:\Program Files (x86)\Microsoft Visual Studio 10.0\VC\bin\link.exe /ERRORREPORT:PROMPT /OUT:"C:\Users\영제\Desktop\스터디\c++ 프로젝트\Prj03_2013104117_조영제\Debug\자료구조_Project01.exe" /INCREMENTAL /NOLOGO opencv_core249d.lib opencv_highgui249d.lib opencv_imgproc249d.lib "libboost_thread-vc100-mt-gd-1_55.lib" "libboost_date_time-vc100-mt-gd-1_55.lib" "libboost_system-vc100-mt-gd-1_55.lib" "libboost_chrono-vc100-mt-gd-1_55.lib" kernel32.lib user32.lib gdi32.lib winspool.lib comdlg32.lib advapi32.lib shell32.lib ole32.lib oleaut32.lib uuid.lib odbc32.lib odbccp32.lib /MANIFEST /ManifestFile:"Debug\자료구조_Project01.exe.intermediate.manifest" /MANIFESTUAC:"level='asInvoker' uiAccess='false'" /DEBUG /PDB:"C:\Users\영제\Desktop\스터디\c++ 프로젝트\Prj03_2013104117_조영제\Debug\자료구조_Project01.pdb" /SUBSYSTEM:CONSOLE /TLBID:1 /DYNAMICBASE /NXCOMPAT /IMPLIB:"C:\Users\영제\Desktop\스터디\c++ 프로젝트\Prj03_2013104117_조영제\Debug\자료구조_Project01.lib" /MACHINE:X86 "Debug\자료구조_Project01.exe.embed.manifest.res"
         Debug\Application.obj
         Debug\Bgm.obj
         Debug\main.obj
         Debug\ManageProduct.obj
         Debug\Market.obj
         Debug\Media.obj
         Debug\Product.obj
       Manifest:
         c:\Program Files (x86)\Microsoft SDKs\Windows\v7.0A\bin\mt.exe /nologo /verbose /out:"Debug\자료구조_Project01.exe.embed.manifest" /manifest "Debug\자료구조_Project01.exe.intermediate.manifest"
         c:\Program Files (x86)\Microsoft SDKs\Windows\v7.0A\bin\rc.exe /nologo /fo"Debug\자료구조_Project01.exe.embed.manifest.res" "Debug\자료구조_Project01_manifest.rc" 
       LinkEmbedManifest:
         c:\Program Files (x86)\Microsoft Visual Studio 10.0\VC\bin\link.exe /ERRORREPORT:PROMPT /OUT:"C:\Users\영제\Desktop\스터디\c++ 프로젝트\Prj03_2013104117_조영제\Debug\자료구조_Project01.exe" /INCREMENTAL /NOLOGO opencv_core249d.lib opencv_highgui249d.lib opencv_imgproc249d.lib "libboost_thread-vc100-mt-gd-1_55.lib" "libboost_date_time-vc100-mt-gd-1_55.lib" "libboost_system-vc100-mt-gd-1_55.lib" "libboost_chrono-vc100-mt-gd-1_55.lib" kernel32.lib user32.lib gdi32.lib winspool.lib comdlg32.lib advapi32.lib shell32.lib ole32.lib oleaut32.lib uuid.lib odbc32.lib odbccp32.lib /MANIFEST /ManifestFile:"Debug\자료구조_Project01.exe.intermediate.manifest" /MANIFESTUAC:"level='asInvoker' uiAccess='false'" /DEBUG /PDB:"C:\Users\영제\Desktop\스터디\c++ 프로젝트\Prj03_2013104117_조영제\Debug\자료구조_Project01.pdb" /SUBSYSTEM:CONSOLE /TLBID:1 /DYNAMICBASE /NXCOMPAT /IMPLIB:"C:\Users\영제\Desktop\스터디\c++ 프로젝트\Prj03_2013104117_조영제\Debug\자료구조_Project01.lib" /MACHINE:X86 "Debug\자료구조_Project01.exe.embed.manifest.res"
         Debug\Application.obj
         Debug\Bgm.obj
         Debug\main.obj
         Debug\ManageProduct.obj
         Debug\Market.obj
         Debug\Media.obj
         Debug\Product.obj
         자료구조_Project01.vcxproj -> C:\Users\영제\Desktop\스터디\c++ 프로젝트\Prj03_2013104117_조영제\Debug\자료구조_Project01.exe
     1>"C:\Users\영제\Desktop\스터디\c++ 프로젝트\Prj03_2013104117_조영제\자료구조_Project01\자료구조_Project01.vcxproj" 프로젝트를 빌드했습니다(Build 대상).

빌드했습니다.

경과 시간: 00:00:13.94
